
*** Running vivado
    with args -log bd_ref_design_dummy_adc_data_capture_0_0.vds -m64 -product Vivado -mode batch -messageDb vivado.pb -notrace -source bd_ref_design_dummy_adc_data_capture_0_0.tcl


****** Vivado v2025.1 (64-bit)
  **** SW Build 6140274 on Wed May 21 22:58:25 MDT 2025
  **** IP Build 6138677 on Thu May 22 03:10:11 MDT 2025
  **** SharedData Build 6139179 on Tue May 20 17:58:58 MDT 2025
  **** Start of session at: Fri Jan  9 17:21:42 2026
    ** Copyright 1986-2022 Xilinx, Inc. All Rights Reserved.
    ** Copyright 2022-2025 Advanced Micro Devices, Inc. All Rights Reserved.

source bd_ref_design_dummy_adc_data_capture_0_0.tcl -notrace
create_project: Time (s): cpu = 00:00:16 ; elapsed = 00:00:06 . Memory (MB): peak = 1582.176 ; gain = 78.055 ; free physical = 385 ; free virtual = 7486
INFO: [IP_Flow 19-234] Refreshing IP repositories
INFO: [IP_Flow 19-1700] Loaded user IP repository '/home/deos/hu.babin-riby/Documents/Code/TSW_ADC_DAC_PROCESSING/ADC_DEMO/ip_repos'.
INFO: [IP_Flow 19-2313] Loaded Vivado IP repository '/tools/Xilinx/2025.1/Vivado/data/ip'.
Command: synth_design -top bd_ref_design_dummy_adc_data_capture_0_0 -part xcku060-ffva1517-2-e -incremental_mode off -mode out_of_context
Starting synth_design
Attempting to get a license for feature 'Synthesis' and/or device 'xcku060'
INFO: [Common 17-349] Got license for feature 'Synthesis' and/or device 'xcku060'
INFO: [Common 17-1686] The version limit for your license is '2026.01' and will not allow you to run AMD software released after that date (year & month). A version limit expiration means that while you will be able to continue to use the current version of tools or IP with this license, you will not be able to use any updates or new releases.
INFO: [Device 21-403] Loading part xcku060-ffva1517-2-e
INFO: [Synth 8-7079] Multithreading enabled for synth_design using a maximum of 7 processes.
INFO: [Synth 8-7078] Launching helper process for spawning children vivado processes
INFO: [Synth 8-7075] Helper process launched with PID 2608461
---------------------------------------------------------------------------------
Starting RTL Elaboration : Time (s): cpu = 00:00:06 ; elapsed = 00:00:20 . Memory (MB): peak = 2511.746 ; gain = 412.859 ; free physical = 5326 ; free virtual = 7911
---------------------------------------------------------------------------------
INFO: [Synth 8-6157] synthesizing module 'bd_ref_design_dummy_adc_data_capture_0_0' [/home/deos/hu.babin-riby/Documents/Code/TSW_ADC_DAC_PROCESSING/ADC_DEMO/project/adc_ref_design.gen/sources_1/bd/bd_ref_design/ip/bd_ref_design_dummy_adc_data_capture_0_0/synth/bd_ref_design_dummy_adc_data_capture_0_0.v:53]
INFO: [Synth 8-6157] synthesizing module 'top_dummy_adc_data_capture' [/home/deos/hu.babin-riby/Documents/Code/TSW_ADC_DAC_PROCESSING/ADC_DEMO/project/adc_ref_design.gen/sources_1/bd/bd_ref_design/ipshared/881f/top_dummy_adc_data_capture.v:23]
INFO: [Synth 8-6155] done synthesizing module 'top_dummy_adc_data_capture' (0#1) [/home/deos/hu.babin-riby/Documents/Code/TSW_ADC_DAC_PROCESSING/ADC_DEMO/project/adc_ref_design.gen/sources_1/bd/bd_ref_design/ipshared/881f/top_dummy_adc_data_capture.v:23]
INFO: [Synth 8-6155] done synthesizing module 'bd_ref_design_dummy_adc_data_capture_0_0' (0#1) [/home/deos/hu.babin-riby/Documents/Code/TSW_ADC_DAC_PROCESSING/ADC_DEMO/project/adc_ref_design.gen/sources_1/bd/bd_ref_design/ip/bd_ref_design_dummy_adc_data_capture_0_0/synth/bd_ref_design_dummy_adc_data_capture_0_0.v:53]
WARNING: [Synth 8-7129] Port app_clk in module top_dummy_adc_data_capture is either unconnected or has no load
WARNING: [Synth 8-7129] Port busB_valid in module top_dummy_adc_data_capture is either unconnected or has no load
WARNING: [Synth 8-7129] Port busC_valid in module top_dummy_adc_data_capture is either unconnected or has no load
WARNING: [Synth 8-7129] Port busD_valid in module top_dummy_adc_data_capture is either unconnected or has no load
---------------------------------------------------------------------------------
Finished RTL Elaboration : Time (s): cpu = 00:00:07 ; elapsed = 00:00:22 . Memory (MB): peak = 2588.684 ; gain = 489.797 ; free physical = 4548 ; free virtual = 7213
---------------------------------------------------------------------------------
---------------------------------------------------------------------------------
Start Handling Custom Attributes
---------------------------------------------------------------------------------
---------------------------------------------------------------------------------
Finished Handling Custom Attributes : Time (s): cpu = 00:00:07 ; elapsed = 00:00:22 . Memory (MB): peak = 2597.590 ; gain = 498.703 ; free physical = 4494 ; free virtual = 7160
---------------------------------------------------------------------------------
---------------------------------------------------------------------------------
Finished RTL Optimization Phase 1 : Time (s): cpu = 00:00:07 ; elapsed = 00:00:22 . Memory (MB): peak = 2597.590 ; gain = 498.703 ; free physical = 4500 ; free virtual = 7165
---------------------------------------------------------------------------------
Netlist sorting complete. Time (s): cpu = 00:00:00 ; elapsed = 00:00:00 . Memory (MB): peak = 2597.590 ; gain = 0.000 ; free physical = 4498 ; free virtual = 7164
INFO: [Project 1-570] Preparing netlist for logic optimization

Processing XDC Constraints
Initializing timing engine
Completed Processing XDC Constraints

Netlist sorting complete. Time (s): cpu = 00:00:00 ; elapsed = 00:00:00 . Memory (MB): peak = 2710.488 ; gain = 0.000 ; free physical = 4122 ; free virtual = 6944
INFO: [Project 1-111] Unisim Transformation Summary:
No Unisim elements were transformed.

Constraint Validation Runtime : Time (s): cpu = 00:00:00.04 ; elapsed = 00:00:00.03 . Memory (MB): peak = 2733.301 ; gain = 22.777 ; free physical = 4021 ; free virtual = 6862
INFO: [Designutils 20-5008] Incremental synthesis strategy off
---------------------------------------------------------------------------------
Finished Constraint Validation : Time (s): cpu = 00:00:13 ; elapsed = 00:00:27 . Memory (MB): peak = 2733.301 ; gain = 634.414 ; free physical = 3792 ; free virtual = 6612
---------------------------------------------------------------------------------
---------------------------------------------------------------------------------
Start Loading Part and Timing Information
---------------------------------------------------------------------------------
Loading part: xcku060-ffva1517-2-e
INFO: [Synth 8-6742] Reading net delay rules and data
---------------------------------------------------------------------------------
Finished Loading Part and Timing Information : Time (s): cpu = 00:00:13 ; elapsed = 00:00:27 . Memory (MB): peak = 2741.305 ; gain = 642.418 ; free physical = 3792 ; free virtual = 6612
---------------------------------------------------------------------------------
---------------------------------------------------------------------------------
Start Applying 'set_property' XDC Constraints
---------------------------------------------------------------------------------
---------------------------------------------------------------------------------
Finished applying 'set_property' XDC Constraints : Time (s): cpu = 00:00:13 ; elapsed = 00:00:27 . Memory (MB): peak = 2741.305 ; gain = 642.418 ; free physical = 3791 ; free virtual = 6612
---------------------------------------------------------------------------------
---------------------------------------------------------------------------------
Finished RTL Optimization Phase 2 : Time (s): cpu = 00:00:13 ; elapsed = 00:00:28 . Memory (MB): peak = 2741.305 ; gain = 642.418 ; free physical = 3582 ; free virtual = 6595
---------------------------------------------------------------------------------
---------------------------------------------------------------------------------
Start RTL Component Statistics 
---------------------------------------------------------------------------------
Detailed RTL Component Info : 
---------------------------------------------------------------------------------
Finished RTL Component Statistics 
---------------------------------------------------------------------------------
---------------------------------------------------------------------------------
Start Part Resource Summary
---------------------------------------------------------------------------------
Part Resources:
DSPs: 2760 (col length:120)
BRAMs: 2160 (col length: RAMB18 120 RAMB36 60)
---------------------------------------------------------------------------------
Finished Part Resource Summary
---------------------------------------------------------------------------------
---------------------------------------------------------------------------------
Start Cross Boundary and Area Optimization
---------------------------------------------------------------------------------
WARNING: [Synth 8-7080] Parallel synthesis criteria is not met
WARNING: [Synth 8-7129] Port app_clk in module bd_ref_design_dummy_adc_data_capture_0_0 is either unconnected or has no load
WARNING: [Synth 8-7129] Port busB_valid in module bd_ref_design_dummy_adc_data_capture_0_0 is either unconnected or has no load
WARNING: [Synth 8-7129] Port busC_valid in module bd_ref_design_dummy_adc_data_capture_0_0 is either unconnected or has no load
WARNING: [Synth 8-7129] Port busD_valid in module bd_ref_design_dummy_adc_data_capture_0_0 is either unconnected or has no load
---------------------------------------------------------------------------------
Finished Cross Boundary and Area Optimization : Time (s): cpu = 00:00:15 ; elapsed = 00:00:30 . Memory (MB): peak = 2741.305 ; gain = 642.418 ; free physical = 3135 ; free virtual = 6265
---------------------------------------------------------------------------------
---------------------------------------------------------------------------------
Start Applying XDC Timing Constraints
---------------------------------------------------------------------------------
---------------------------------------------------------------------------------
Finished Applying XDC Timing Constraints : Time (s): cpu = 00:00:18 ; elapsed = 00:00:33 . Memory (MB): peak = 2865.594 ; gain = 766.707 ; free physical = 1848 ; free virtual = 5110
---------------------------------------------------------------------------------
---------------------------------------------------------------------------------
Start Timing Optimization
---------------------------------------------------------------------------------
---------------------------------------------------------------------------------
Finished Timing Optimization : Time (s): cpu = 00:00:18 ; elapsed = 00:00:33 . Memory (MB): peak = 2865.594 ; gain = 766.707 ; free physical = 1848 ; free virtual = 5110
---------------------------------------------------------------------------------
---------------------------------------------------------------------------------
Start Technology Mapping
---------------------------------------------------------------------------------
---------------------------------------------------------------------------------
Finished Technology Mapping : Time (s): cpu = 00:00:18 ; elapsed = 00:00:33 . Memory (MB): peak = 2876.609 ; gain = 777.723 ; free physical = 1839 ; free virtual = 5101
---------------------------------------------------------------------------------
---------------------------------------------------------------------------------
Start IO Insertion
---------------------------------------------------------------------------------
---------------------------------------------------------------------------------
Start Flattening Before IO Insertion
---------------------------------------------------------------------------------
---------------------------------------------------------------------------------
Finished Flattening Before IO Insertion
---------------------------------------------------------------------------------
---------------------------------------------------------------------------------
Start Final Netlist Cleanup
---------------------------------------------------------------------------------
---------------------------------------------------------------------------------
Finished Final Netlist Cleanup
---------------------------------------------------------------------------------
---------------------------------------------------------------------------------
Finished IO Insertion : Time (s): cpu = 00:00:22 ; elapsed = 00:00:37 . Memory (MB): peak = 3051.422 ; gain = 952.535 ; free physical = 574 ; free virtual = 4259
---------------------------------------------------------------------------------
---------------------------------------------------------------------------------
Start Renaming Generated Instances
---------------------------------------------------------------------------------
---------------------------------------------------------------------------------
Finished Renaming Generated Instances : Time (s): cpu = 00:00:22 ; elapsed = 00:00:37 . Memory (MB): peak = 3051.422 ; gain = 952.535 ; free physical = 574 ; free virtual = 4259
---------------------------------------------------------------------------------
---------------------------------------------------------------------------------
Start Rebuilding User Hierarchy
---------------------------------------------------------------------------------
---------------------------------------------------------------------------------
Finished Rebuilding User Hierarchy : Time (s): cpu = 00:00:22 ; elapsed = 00:00:37 . Memory (MB): peak = 3051.422 ; gain = 952.535 ; free physical = 577 ; free virtual = 4261
---------------------------------------------------------------------------------
---------------------------------------------------------------------------------
Start Renaming Generated Ports
---------------------------------------------------------------------------------
---------------------------------------------------------------------------------
Finished Renaming Generated Ports : Time (s): cpu = 00:00:22 ; elapsed = 00:00:37 . Memory (MB): peak = 3051.422 ; gain = 952.535 ; free physical = 576 ; free virtual = 4253
---------------------------------------------------------------------------------
---------------------------------------------------------------------------------
Start Handling Custom Attributes
---------------------------------------------------------------------------------
---------------------------------------------------------------------------------
Finished Handling Custom Attributes : Time (s): cpu = 00:00:22 ; elapsed = 00:00:37 . Memory (MB): peak = 3051.422 ; gain = 952.535 ; free physical = 576 ; free virtual = 4253
---------------------------------------------------------------------------------
---------------------------------------------------------------------------------
Start Renaming Generated Nets
---------------------------------------------------------------------------------
---------------------------------------------------------------------------------
Finished Renaming Generated Nets : Time (s): cpu = 00:00:22 ; elapsed = 00:00:37 . Memory (MB): peak = 3051.422 ; gain = 952.535 ; free physical = 576 ; free virtual = 4253
---------------------------------------------------------------------------------
---------------------------------------------------------------------------------
Start Writing Synthesis Report
---------------------------------------------------------------------------------

Report BlackBoxes: 
+-+--------------+----------+
| |BlackBox name |Instances |
+-+--------------+----------+
+-+--------------+----------+

Report Cell Usage: 
+------+-----+------+
|      |Cell |Count |
+------+-----+------+
|1     |LUT2 |     1|
|2     |LUT6 |    83|
+------+-----+------+
---------------------------------------------------------------------------------
Finished Writing Synthesis Report : Time (s): cpu = 00:00:22 ; elapsed = 00:00:37 . Memory (MB): peak = 3051.422 ; gain = 952.535 ; free physical = 576 ; free virtual = 4253
---------------------------------------------------------------------------------
Synthesis finished with 0 errors, 0 critical warnings and 5 warnings.
Synthesis Optimization Runtime : Time (s): cpu = 00:00:21 ; elapsed = 00:00:36 . Memory (MB): peak = 3051.422 ; gain = 816.824 ; free physical = 537 ; free virtual = 4222
Synthesis Optimization Complete : Time (s): cpu = 00:00:22 ; elapsed = 00:00:37 . Memory (MB): peak = 3051.422 ; gain = 952.535 ; free physical = 537 ; free virtual = 4221
INFO: [Project 1-571] Translating synthesized netlist
Netlist sorting complete. Time (s): cpu = 00:00:00 ; elapsed = 00:00:00 . Memory (MB): peak = 3051.422 ; gain = 0.000 ; free physical = 497 ; free virtual = 4190
INFO: [Project 1-570] Preparing netlist for logic optimization
INFO: [Opt 31-138] Pushed 0 inverter(s) to 0 load pin(s).
Netlist sorting complete. Time (s): cpu = 00:00:00 ; elapsed = 00:00:00 . Memory (MB): peak = 3051.422 ; gain = 0.000 ; free physical = 438 ; free virtual = 4236
INFO: [Project 1-111] Unisim Transformation Summary:
No Unisim elements were transformed.

Synth Design complete | Checksum: 4d2e6323
INFO: [Common 17-83] Releasing license: Synthesis
22 Infos, 9 Warnings, 0 Critical Warnings and 0 Errors encountered.
synth_design completed successfully
synth_design: Time (s): cpu = 00:00:30 ; elapsed = 00:00:42 . Memory (MB): peak = 3051.422 ; gain = 1462.262 ; free physical = 338 ; free virtual = 4140
INFO: [Common 17-2834] synth_design peak Physical Memory [PSS] (MB): overall = 1930.929; main = 1930.929; forked = 214.717
INFO: [Common 17-2834] synth_design peak Virtual Memory [VSS] (MB): overall = 3740.180; main = 3040.785; forked = 988.230
INFO: [Common 17-1381] The checkpoint '/home/deos/hu.babin-riby/Documents/Code/TSW_ADC_DAC_PROCESSING/ADC_DEMO/project/adc_ref_design.runs/bd_ref_design_dummy_adc_data_capture_0_0_synth_1/bd_ref_design_dummy_adc_data_capture_0_0.dcp' has been generated.
INFO: [Coretcl 2-1648] Added synthesis output to IP cache for IP bd_ref_design_dummy_adc_data_capture_0_0, cache-ID = 80b43c51ca7ebb14
INFO: [Common 17-1381] The checkpoint '/home/deos/hu.babin-riby/Documents/Code/TSW_ADC_DAC_PROCESSING/ADC_DEMO/project/adc_ref_design.runs/bd_ref_design_dummy_adc_data_capture_0_0_synth_1/bd_ref_design_dummy_adc_data_capture_0_0.dcp' has been generated.
INFO: [Vivado 12-24828] Executing command : report_utilization -file bd_ref_design_dummy_adc_data_capture_0_0_utilization_synth.rpt -pb bd_ref_design_dummy_adc_data_capture_0_0_utilization_synth.pb
INFO: [Common 17-206] Exiting Vivado at Fri Jan  9 17:22:36 2026...
